Lab6/app/build/intermediates/manifest_merge_blame_file/debug/manifest-merger-blame-debug-report.txt
1<?xml version="1.0" encoding="utf-8"?>
2<manifest xmlns:android="http://schemas.android.com/apk/res/android"
3    package="com.geekym.face_recognition"
4    android:versionCode="1"
5    android:versionName="1.0" >
6
7    <uses-sdk
8        android:minSdkVersion="21"
8-->src\main\AndroidManifest.xml
9        android:targetSdkVersion="32" />
9-->src\main\AndroidManifest.xml
10
11    <uses-permission android:name="android.permission.CAMERA" />
11-->src\main\AndroidManifest.xml:5:5-65
11-->src\main\AndroidManifest.xml:5:22-62
12    <uses-permission android:name="android.permission.READ_EXTERNAL_STORAGE" />
12-->src\main\AndroidManifest.xml:6:5-80
12-->src\main\AndroidManifest.xml:6:22-77
13    <uses-permission android:name="android.permission.WRITE_EXTERNAL_STORAGE" />
13-->src\main\AndroidManifest.xml:7:5-81
13-->src\main\AndroidManifest.xml:7:22-78
14    <uses-permission android:name="android.permission.ACCESS_NOTIFICATION_POLICY" />
14-->src\main\AndroidManifest.xml:8:5-85
14-->src\main\AndroidManifest.xml:8:22-82
15    <uses-permission android:name="android.permission.INTERNET" />
15-->src\main\AndroidManifest.xml:9:5-67
15-->src\main\AndroidManifest.xml:9:22-64
16    <uses-permission android:name="android.permission.ACCESS_NETWORK_STATE" />
16-->[com.google.firebase:firebase-auth:21.0.4] AndroidManifest.xml:24:5-79
16-->[com.google.firebase:firebase-auth:21.0.4] AndroidManifest.xml:24:22-76
17    <uses-permission android:name="android.permission.WAKE_LOCK" />
17-->[com.google.android.gms:play-services-measurement-api:20.1.2] AndroidManifest.xml:24:5-68
17-->[com.google.android.gms:play-services-measurement-api:20.1.2] AndroidManifest.xml:24:22-65
18    <uses-permission android:name="com.google.android.gms.permission.AD_ID" />
18-->[com.google.android.gms:play-services-measurement-api:20.1.2] AndroidManifest.xml:25:5-79
18-->[com.google.android.gms:play-services-measurement-api:20.1.2] AndroidManifest.xml:25:22-76
19    <uses-permission android:name="com.google.android.finsky.permission.BIND_GET_INSTALL_REFERRER_SERVICE" /> <!-- Query intents on API 30 and above. -->
19-->[com.google.android.gms:play-services-measurement:20.1.2] AndroidManifest.xml:26:5-110
19-->[com.google.android.gms:play-services-measurement:20.1.2] AndroidManifest.xml:26:22-107
20    <queries>
20-->[com.pranavpandey.android:dynamic-utils:4.2.0] AndroidManifest.xml:25:5-31:15
21        <intent>
21-->[com.pranavpandey.android:dynamic-utils:4.2.0] AndroidManifest.xml:26:9-30:18
22            <action android:name="android.intent.action.SENDTO" />
22-->[com.pranavpandey.android:dynamic-utils:4.2.0] AndroidManifest.xml:27:13-67
22-->[com.pranavpandey.android:dynamic-utils:4.2.0] AndroidManifest.xml:27:21-64
23
24            <data android:scheme="mailto" />
24-->[com.google.firebase:firebase-auth:21.0.4] AndroidManifest.xml:39:17-42:51
24-->[com.google.firebase:firebase-auth:21.0.4] AndroidManifest.xml:42:21-48
25        </intent>
26    </queries>
27
28    <uses-permission android:name="android.permission.READ_PHONE_STATE" />
29
30    <application
30-->src\main\AndroidManifest.xml:11:5-81:19
31        android:allowBackup="true"
31-->src\main\AndroidManifest.xml:12:9-35
32        android:appComponentFactory="androidx.core.app.CoreComponentFactory"
32-->[androidx.core:core:1.7.0] AndroidManifest.xml:24:18-86
33        android:debuggable="true"
34        android:icon="@drawable/app_icon"
34-->src\main\AndroidManifest.xml:13:9-42
35        android:label="Face_Reco"
35-->src\main\AndroidManifest.xml:14:9-34
36        android:roundIcon="@drawable/app_icon"
36-->src\main\AndroidManifest.xml:15:9-47
37        android:testOnly="true"
38        android:theme="@style/Theme.Face_Recognition_Engage" >
38-->src\main\AndroidManifest.xml:16:9-61
39        <activity
39-->src\main\AndroidManifest.xml:17:9-19:39
40            android:name="com.geekym.face_recognition.HomeFragments.Tools.StudyMode.StudyProgress_Activity"
40-->src\main\AndroidManifest.xml:18:13-108
41            android:exported="true" />
41-->src\main\AndroidManifest.xml:19:13-36
42        <activity
42-->src\main\AndroidManifest.xml:20:9-22:39
43            android:name="com.geekym.face_recognition.HomeFragments.Tools.StudyMode.StudyTimer_Activity"
43-->src\main\AndroidManifest.xml:21:13-105
44            android:exported="true" />
44-->src\main\AndroidManifest.xml:22:13-36
45        <activity
45-->src\main\AndroidManifest.xml:23:9-25:40
46            android:name="com.geekym.face_recognition.HomeFragments.Settings.AccountSettings"
46-->src\main\AndroidManifest.xml:24:13-94
47            android:exported="false" />
47-->src\main\AndroidManifest.xml:25:13-37
48        <activity
48-->src\main\AndroidManifest.xml:26:9-28:40
49            android:name="com.geekym.face_recognition.HomeFragments.Settings.Profile"
49-->src\main\AndroidManifest.xml:27:13-86
50            android:exported="false" />
50-->src\main\AndroidManifest.xml:28:13-37
51        <activity
51-->src\main\AndroidManifest.xml:29:9-31:39
52            android:name="com.geekym.face_recognition.HomeFragments.Tools.PDFs.Add_PDF_Activity"
52-->src\main\AndroidManifest.xml:30:13-97
53            android:exported="true" />
53-->src\main\AndroidManifest.xml:31:13-36
54        <activity
54-->src\main\AndroidManifest.xml:32:9-34:39
55            android:name="com.geekym.face_recognition.HomeFragments.Tools.PDFs.PDFs_Activity"
55-->src\main\AndroidManifest.xml:33:13-94
56            android:exported="true" />
56-->src\main\AndroidManifest.xml:34:13-36
57        <activity
57-->src\main\AndroidManifest.xml:35:9-37:39
58            android:name="com.geekym.face_recognition.HomeFragments.Status.Progress_Activity"
58-->src\main\AndroidManifest.xml:36:13-94
59            android:exported="true" />
59-->src\main\AndroidManifest.xml:37:13-36
60        <activity
60-->src\main\AndroidManifest.xml:38:9-40:39
61            android:name="com.geekym.face_recognition.HomeFragments.Status.Attendees.Attendees"
61-->src\main\AndroidManifest.xml:39:13-96
62            android:exported="true" />
62-->src\main\AndroidManifest.xml:40:13-36
63        <activity
63-->src\main\AndroidManifest.xml:41:9-43:39
64            android:name="com.geekym.face_recognition.HomeFragments.Homescreen.Attendance.Attendance_Result_Activity"
64-->src\main\AndroidManifest.xml:42:13-118
65            android:exported="true" />
65-->src\main\AndroidManifest.xml:43:13-36
66        <activity
66-->src\main\AndroidManifest.xml:44:9-46:39
67            android:name="com.geekym.face_recognition.HomeFragments.Homescreen.Attendance.Attendance_Scanner_Activity"
67-->src\main\AndroidManifest.xml:45:13-119
68            android:exported="true" />
68-->src\main\AndroidManifest.xml:46:13-36
69        <activity
69-->src\main\AndroidManifest.xml:47:9-49:39
70            android:name="com.geekym.face_recognition.Authentication.Forgot_Password_Activity"
70-->src\main\AndroidManifest.xml:48:13-95
71            android:exported="true" />
71-->src\main\AndroidManifest.xml:49:13-36
72        <activity
72-->src\main\AndroidManifest.xml:50:9-52:39
73            android:name="com.geekym.face_recognition.Authentication.SignUp_First_Activity"
73-->src\main\AndroidManifest.xml:51:13-92
74            android:exported="true" />
74-->src\main\AndroidManifest.xml:52:13-36
75        <activity
75-->src\main\AndroidManifest.xml:53:9-55:39
76            android:name="com.geekym.face_recognition.Authentication.SignUp_Second_Activity"
76-->src\main\AndroidManifest.xml:54:13-93
77            android:exported="true" />
77-->src\main\AndroidManifest.xml:55:13-36
78        <activity
78-->src\main\AndroidManifest.xml:56:9-58:39
79            android:name="com.geekym.face_recognition.Authentication.SignIn_Activity"
79-->src\main\AndroidManifest.xml:57:13-86
80            android:exported="true" />
80-->src\main\AndroidManifest.xml:58:13-36
81        <activity
81-->src\main\AndroidManifest.xml:59:9-67:20
82            android:name="com.geekym.face_recognition.Introduction.Splash_Screen_Activity"
82-->src\main\AndroidManifest.xml:60:13-91
83            android:exported="true" >
83-->src\main\AndroidManifest.xml:61:13-36
84            <intent-filter>
84-->src\main\AndroidManifest.xml:62:13-66:29
85                <action android:name="android.intent.action.MAIN" />
85-->src\main\AndroidManifest.xml:63:17-69
85-->src\main\AndroidManifest.xml:63:25-66
86
87                <category android:name="android.intent.category.LAUNCHER" />
87-->src\main\AndroidManifest.xml:65:17-77
87-->src\main\AndroidManifest.xml:65:27-74
88            </intent-filter>
89        </activity>
90        <activity
90-->src\main\AndroidManifest.xml:68:9-70:39
91            android:name="com.geekym.face_recognition.Introduction.onboarding"
91-->src\main\AndroidManifest.xml:69:13-79
92            android:exported="true" />
92-->src\main\AndroidManifest.xml:70:13-36
93        <activity
93-->src\main\AndroidManifest.xml:71:9-73:39
94            android:name="com.geekym.face_recognition.HomeScreen"
94-->src\main\AndroidManifest.xml:72:13-66
95            android:exported="true" />
95-->src\main\AndroidManifest.xml:73:13-36
96
97        <meta-data
97-->src\main\AndroidManifest.xml:75:9-77:36
98            android:name="com.google.mlkit.vision.DEPENDENCIES"
98-->src\main\AndroidManifest.xml:76:13-64
99            android:value="face" />
99-->src\main\AndroidManifest.xml:77:13-33
100        <meta-data
100-->src\main\AndroidManifest.xml:78:9-80:57
101            android:name="preloaded_fonts"
101-->src\main\AndroidManifest.xml:79:13-43
102            android:resource="@array/preloaded_fonts" />
102-->src\main\AndroidManifest.xml:80:13-54
103
104        <activity
104-->[com.karumi:dexter:6.2.3] AndroidManifest.xml:27:9-29:72
105            android:name="com.karumi.dexter.DexterActivity"
105-->[com.karumi:dexter:6.2.3] AndroidManifest.xml:28:13-60
106            android:theme="@style/Dexter.Internal.Theme.Transparent" />
106-->[com.karumi:dexter:6.2.3] AndroidManifest.xml:29:13-69
107        <activity
107-->[com.google.firebase:firebase-auth:21.0.4] AndroidManifest.xml:27:9-44:20
108            android:name="com.google.firebase.auth.internal.GenericIdpActivity"
108-->[com.google.firebase:firebase-auth:21.0.4] AndroidManifest.xml:28:13-80
109            android:excludeFromRecents="true"
109-->[com.google.firebase:firebase-auth:21.0.4] AndroidManifest.xml:29:13-46
110            android:exported="true"
110-->[com.google.firebase:firebase-auth:21.0.4] AndroidManifest.xml:30:13-36
111            android:launchMode="singleTask"
111-->[com.google.firebase:firebase-auth:21.0.4] AndroidManifest.xml:31:13-44
112            android:theme="@android:style/Theme.Translucent.NoTitleBar" >
112-->[com.google.firebase:firebase-auth:21.0.4] AndroidManifest.xml:32:13-72
113            <intent-filter>
113-->[com.google.firebase:firebase-auth:21.0.4] AndroidManifest.xml:33:13-43:29
114                <action android:name="android.intent.action.VIEW" />
114-->[com.google.firebase:firebase-auth:21.0.4] AndroidManifest.xml:34:17-69
114-->[com.google.firebase:firebase-auth:21.0.4] AndroidManifest.xml:34:25-66
115
116                <category android:name="android.intent.category.DEFAULT" />
116-->[com.google.firebase:firebase-auth:21.0.4] AndroidManifest.xml:36:17-76
116-->[com.google.firebase:firebase-auth:21.0.4] AndroidManifest.xml:36:27-73
117                <category android:name="android.intent.category.BROWSABLE" />
117-->[com.google.firebase:firebase-auth:21.0.4] AndroidManifest.xml:37:17-78
117-->[com.google.firebase:firebase-auth:21.0.4] AndroidManifest.xml:37:27-75
118
119                <data
119-->[com.google.firebase:firebase-auth:21.0.4] AndroidManifest.xml:39:17-42:51
120                    android:host="firebase.auth"
120-->[com.google.firebase:firebase-auth:21.0.4] AndroidManifest.xml:40:21-49
121                    android:path="/"
121-->[com.google.firebase:firebase-auth:21.0.4] AndroidManifest.xml:41:21-37
122                    android:scheme="genericidp" />
122-->[com.google.firebase:firebase-auth:21.0.4] AndroidManifest.xml:42:21-48
123            </intent-filter>
124        </activity>
125        <activity
125-->[com.google.firebase:firebase-auth:21.0.4] AndroidManifest.xml:45:9-62:20
126            android:name="com.google.firebase.auth.internal.RecaptchaActivity"
126-->[com.google.firebase:firebase-auth:21.0.4] AndroidManifest.xml:46:13-79
127            android:excludeFromRecents="true"
127-->[com.google.firebase:firebase-auth:21.0.4] AndroidManifest.xml:47:13-46
128            android:exported="true"
128-->[com.google.firebase:firebase-auth:21.0.4] AndroidManifest.xml:48:13-36
129            android:launchMode="singleTask"
129-->[com.google.firebase:firebase-auth:21.0.4] AndroidManifest.xml:49:13-44
130            android:theme="@android:style/Theme.Translucent.NoTitleBar" >
130-->[com.google.firebase:firebase-auth:21.0.4] AndroidManifest.xml:50:13-72
131            <intent-filter>
131-->[com.google.firebase:firebase-auth:21.0.4] AndroidManifest.xml:51:13-61:29
132                <action android:name="android.intent.action.VIEW" />
132-->[com.google.firebase:firebase-auth:21.0.4] AndroidManifest.xml:34:17-69
132-->[com.google.firebase:firebase-auth:21.0.4] AndroidManifest.xml:34:25-66
133
134                <category android:name="android.intent.category.DEFAULT" />
134-->[com.google.firebase:firebase-auth:21.0.4] AndroidManifest.xml:36:17-76
134-->[com.google.firebase:firebase-auth:21.0.4] AndroidManifest.xml:36:27-73
135                <category android:name="android.intent.category.BROWSABLE" />
135-->[com.google.firebase:firebase-auth:21.0.4] AndroidManifest.xml:37:17-78
135-->[com.google.firebase:firebase-auth:21.0.4] AndroidManifest.xml:37:27-75
136
137                <data
137-->[com.google.firebase:firebase-auth:21.0.4] AndroidManifest.xml:39:17-42:51
138                    android:host="firebase.auth"
138-->[com.google.firebase:firebase-auth:21.0.4] AndroidManifest.xml:40:21-49
139                    android:path="/"
139-->[com.google.firebase:firebase-auth:21.0.4] AndroidManifest.xml:41:21-37
140                    android:scheme="recaptcha" />
140-->[com.google.firebase:firebase-auth:21.0.4] AndroidManifest.xml:42:21-48
141            </intent-filter>
142        </activity>
143
144        <service
144-->[com.google.firebase:firebase-auth:21.0.4] AndroidManifest.xml:64:9-70:19
145            android:name="com.google.firebase.components.ComponentDiscoveryService"
145-->[com.google.firebase:firebase-auth:21.0.4] AndroidManifest.xml:65:13-84
146            android:directBootAware="true"
146-->[com.google.firebase:firebase-common:20.1.1] AndroidManifest.xml:35:13-43
147            android:exported="false" >
147-->[com.google.firebase:firebase-auth:21.0.4] AndroidManifest.xml:66:13-37
148            <meta-data
148-->[com.google.firebase:firebase-auth:21.0.4] AndroidManifest.xml:67:13-69:85
149                android:name="com.google.firebase.components:com.google.firebase.auth.FirebaseAuthRegistrar"
149-->[com.google.firebase:firebase-auth:21.0.4] AndroidManifest.xml:68:17-109
150                android:value="com.google.firebase.components.ComponentRegistrar" />
150-->[com.google.firebase:firebase-auth:21.0.4] AndroidManifest.xml:69:17-82
151            <meta-data
151-->[com.google.firebase:firebase-database:20.0.5] AndroidManifest.xml:32:13-34:85
152                android:name="com.google.firebase.components:com.google.firebase.database.DatabaseRegistrar"
152-->[com.google.firebase:firebase-database:20.0.5] AndroidManifest.xml:33:17-109
153                android:value="com.google.firebase.components.ComponentRegistrar" />
153-->[com.google.firebase:firebase-database:20.0.5] AndroidManifest.xml:34:17-82
154            <meta-data
154-->[com.google.firebase:firebase-storage:20.0.1] AndroidManifest.xml:33:13-35:85
155                android:name="com.google.firebase.components:com.google.firebase.storage.StorageRegistrar"
155-->[com.google.firebase:firebase-storage:20.0.1] AndroidManifest.xml:34:17-107
156                android:value="com.google.firebase.components.ComponentRegistrar" />
156-->[com.google.firebase:firebase-storage:20.0.1] AndroidManifest.xml:35:17-82
157            <meta-data
157-->[com.google.android.gms:play-services-measurement-api:20.1.2] AndroidManifest.xml:31:13-33:85
158                android:name="com.google.firebase.components:com.google.firebase.analytics.connector.internal.AnalyticsConnectorRegistrar"
158-->[com.google.android.gms:play-services-measurement-api:20.1.2] AndroidManifest.xml:32:17-139
159                android:value="com.google.firebase.components.ComponentRegistrar" />
159-->[com.google.android.gms:play-services-measurement-api:20.1.2] AndroidManifest.xml:33:17-82
160            <meta-data
160-->[com.google.firebase:firebase-installations:17.0.1] AndroidManifest.xml:18:13-20:85
161                android:name="com.google.firebase.components:com.google.firebase.installations.FirebaseInstallationsRegistrar"
161-->[com.google.firebase:firebase-installations:17.0.1] AndroidManifest.xml:19:17-127
162                android:value="com.google.firebase.components.ComponentRegistrar" />
162-->[com.google.firebase:firebase-installations:17.0.1] AndroidManifest.xml:20:17-82
163        </service>
164        <service
164-->[com.google.android.gms:play-services-mlkit-face-detection:17.0.1] AndroidManifest.xml:9:9-15:19
165            android:name="com.google.mlkit.common.internal.MlKitComponentDiscoveryService"
165-->[com.google.android.gms:play-services-mlkit-face-detection:17.0.1] AndroidManifest.xml:10:13-91
166            android:directBootAware="true"
166-->[com.google.mlkit:common:18.1.0] AndroidManifest.xml:17:13-43
167            android:exported="false" >
167-->[com.google.android.gms:play-services-mlkit-face-detection:17.0.1] AndroidManifest.xml:11:13-37
168            <meta-data
168-->[com.google.android.gms:play-services-mlkit-face-detection:17.0.1] AndroidManifest.xml:12:13-14:85
169                android:name="com.google.firebase.components:com.google.mlkit.vision.face.internal.FaceRegistrar"
169-->[com.google.android.gms:play-services-mlkit-face-detection:17.0.1] AndroidManifest.xml:13:17-114
170                android:value="com.google.firebase.components.ComponentRegistrar" />
170-->[com.google.android.gms:play-services-mlkit-face-detection:17.0.1] AndroidManifest.xml:14:17-82
171            <meta-data
171-->[com.google.mlkit:vision-common:17.1.0] AndroidManifest.xml:12:13-14:85
172                android:name="com.google.firebase.components:com.google.mlkit.vision.common.internal.VisionCommonRegistrar"
172-->[com.google.mlkit:vision-common:17.1.0] AndroidManifest.xml:13:17-124
173                android:value="com.google.firebase.components.ComponentRegistrar" />
173-->[com.google.mlkit:vision-common:17.1.0] AndroidManifest.xml:14:17-82
174            <meta-data
174-->[com.google.mlkit:common:18.1.0] AndroidManifest.xml:20:13-22:85
175                android:name="com.google.firebase.components:com.google.mlkit.common.internal.CommonComponentRegistrar"
175-->[com.google.mlkit:common:18.1.0] AndroidManifest.xml:21:17-120
176                android:value="com.google.firebase.components.ComponentRegistrar" />
176-->[com.google.mlkit:common:18.1.0] AndroidManifest.xml:22:17-82
177        </service>
178        <service
178-->[androidx.camera:camera-camera2:1.1.0-rc01] AndroidManifest.xml:26:9-35:19
179            android:name="androidx.camera.core.impl.MetadataHolderService"
179-->[androidx.camera:camera-camera2:1.1.0-rc01] AndroidManifest.xml:27:13-75
180            android:enabled="false"
180-->[androidx.camera:camera-camera2:1.1.0-rc01] AndroidManifest.xml:28:13-36
181            android:exported="false" >
181-->[androidx.camera:camera-camera2:1.1.0-rc01] AndroidManifest.xml:29:13-37
182            <meta-data
182-->[androidx.camera:camera-camera2:1.1.0-rc01] AndroidManifest.xml:32:13-34:89
183                android:name="androidx.camera.core.impl.MetadataHolderService.DEFAULT_CONFIG_PROVIDER"
183-->[androidx.camera:camera-camera2:1.1.0-rc01] AndroidManifest.xml:33:17-103
184                android:value="androidx.camera.camera2.Camera2Config$DefaultProvider" />
184-->[androidx.camera:camera-camera2:1.1.0-rc01] AndroidManifest.xml:34:17-86
185        </service>
186
187        <provider
187-->[com.google.mlkit:common:18.1.0] AndroidManifest.xml:9:9-13:38
188            android:name="com.google.mlkit.common.internal.MlKitInitProvider"
188-->[com.google.mlkit:common:18.1.0] AndroidManifest.xml:10:13-78
189            android:authorities="com.geekym.face_recognition.mlkitinitprovider"
189-->[com.google.mlkit:common:18.1.0] AndroidManifest.xml:11:13-69
190            android:exported="false"
190-->[com.google.mlkit:common:18.1.0] AndroidManifest.xml:12:13-37
191            android:initOrder="99" />
191-->[com.google.mlkit:common:18.1.0] AndroidManifest.xml:13:13-35
192
193        <service
193-->[com.google.android.datatransport:transport-backend-cct:2.3.3] AndroidManifest.xml:29:9-35:19
194            android:name="com.google.android.datatransport.runtime.backends.TransportBackendDiscovery"
194-->[com.google.android.datatransport:transport-backend-cct:2.3.3] AndroidManifest.xml:30:13-103
195            android:exported="false" >
195-->[com.google.android.datatransport:transport-backend-cct:2.3.3] AndroidManifest.xml:31:13-37
196            <meta-data
196-->[com.google.android.datatransport:transport-backend-cct:2.3.3] AndroidManifest.xml:32:13-34:39
197                android:name="backend:com.google.android.datatransport.cct.CctBackendFactory"
197-->[com.google.android.datatransport:transport-backend-cct:2.3.3] AndroidManifest.xml:33:17-94
198                android:value="cct" />
198-->[com.google.android.datatransport:transport-backend-cct:2.3.3] AndroidManifest.xml:34:17-36
199        </service>
200
201        <provider
201-->[com.google.firebase:firebase-common:20.1.1] AndroidManifest.xml:26:9-31:39
202            android:name="com.google.firebase.provider.FirebaseInitProvider"
202-->[com.google.firebase:firebase-common:20.1.1] AndroidManifest.xml:27:13-77
203            android:authorities="com.geekym.face_recognition.firebaseinitprovider"
203-->[com.google.firebase:firebase-common:20.1.1] AndroidManifest.xml:28:13-72
204            android:directBootAware="true"
204-->[com.google.firebase:firebase-common:20.1.1] AndroidManifest.xml:29:13-43
205            android:exported="false"
205-->[com.google.firebase:firebase-common:20.1.1] AndroidManifest.xml:30:13-37
206            android:initOrder="100" />
206-->[com.google.firebase:firebase-common:20.1.1] AndroidManifest.xml:31:13-36
207
208        <activity
208-->[com.google.android.gms:play-services-base:18.0.1] AndroidManifest.xml:20:9-22:45
209            android:name="com.google.android.gms.common.api.GoogleApiActivity"
209-->[com.google.android.gms:play-services-base:18.0.1] AndroidManifest.xml:20:19-85
210            android:exported="false"
210-->[com.google.android.gms:play-services-base:18.0.1] AndroidManifest.xml:22:19-43
211            android:theme="@android:style/Theme.Translucent.NoTitleBar" />
211-->[com.google.android.gms:play-services-base:18.0.1] AndroidManifest.xml:21:19-78
212
213        <receiver
213-->[com.google.android.gms:play-services-measurement:20.1.2] AndroidManifest.xml:29:9-33:20
214            android:name="com.google.android.gms.measurement.AppMeasurementReceiver"
214-->[com.google.android.gms:play-services-measurement:20.1.2] AndroidManifest.xml:30:13-85
215            android:enabled="true"
215-->[com.google.android.gms:play-services-measurement:20.1.2] AndroidManifest.xml:31:13-35
216            android:exported="false" >
216-->[com.google.android.gms:play-services-measurement:20.1.2] AndroidManifest.xml:32:13-37
217        </receiver>
218
219        <service
219-->[com.google.android.gms:play-services-measurement:20.1.2] AndroidManifest.xml:35:9-38:40
220            android:name="com.google.android.gms.measurement.AppMeasurementService"
220-->[com.google.android.gms:play-services-measurement:20.1.2] AndroidManifest.xml:36:13-84
221            android:enabled="true"
221-->[com.google.android.gms:play-services-measurement:20.1.2] AndroidManifest.xml:37:13-35
222            android:exported="false" />
222-->[com.google.android.gms:play-services-measurement:20.1.2] AndroidManifest.xml:38:13-37
223        <service
223-->[com.google.android.gms:play-services-measurement:20.1.2] AndroidManifest.xml:39:9-43:72
224            android:name="com.google.android.gms.measurement.AppMeasurementJobService"
224-->[com.google.android.gms:play-services-measurement:20.1.2] AndroidManifest.xml:40:13-87
225            android:enabled="true"
225-->[com.google.android.gms:play-services-measurement:20.1.2] AndroidManifest.xml:41:13-35
226            android:exported="false"
226-->[com.google.android.gms:play-services-measurement:20.1.2] AndroidManifest.xml:42:13-37
227            android:permission="android.permission.BIND_JOB_SERVICE" />
227-->[com.google.android.gms:play-services-measurement:20.1.2] AndroidManifest.xml:43:13-69
228
229        <meta-data
229-->[com.google.android.gms:play-services-basement:18.0.0] AndroidManifest.xml:21:9-23:69
230            android:name="com.google.android.gms.version"
230-->[com.google.android.gms:play-services-basement:18.0.0] AndroidManifest.xml:22:13-58
231            android:value="@integer/google_play_services_version" />
231-->[com.google.android.gms:play-services-basement:18.0.0] AndroidManifest.xml:23:13-66
232
233        <provider
233-->[androidx.emoji2:emoji2:1.0.0] AndroidManifest.xml:26:9-34:20
234            android:name="androidx.startup.InitializationProvider"
234-->[androidx.emoji2:emoji2:1.0.0] AndroidManifest.xml:27:13-67
235            android:authorities="com.geekym.face_recognition.androidx-startup"
235-->[androidx.emoji2:emoji2:1.0.0] AndroidManifest.xml:28:13-68
236            android:exported="false" >
236-->[androidx.emoji2:emoji2:1.0.0] AndroidManifest.xml:29:13-37
237            <meta-data
237-->[androidx.emoji2:emoji2:1.0.0] AndroidManifest.xml:31:13-33:52
238                android:name="androidx.emoji2.text.EmojiCompatInitializer"
238-->[androidx.emoji2:emoji2:1.0.0] AndroidManifest.xml:32:17-75
239                android:value="androidx.startup" />
239-->[androidx.emoji2:emoji2:1.0.0] AndroidManifest.xml:33:17-49
240            <meta-data
240-->[androidx.lifecycle:lifecycle-process:2.4.0] AndroidManifest.xml:31:13-33:52
241                android:name="androidx.lifecycle.ProcessLifecycleInitializer"
241-->[androidx.lifecycle:lifecycle-process:2.4.0] AndroidManifest.xml:32:17-78
242                android:value="androidx.startup" />
242-->[androidx.lifecycle:lifecycle-process:2.4.0] AndroidManifest.xml:33:17-49
243        </provider>
244
245        <service
245-->[com.google.android.datatransport:transport-runtime:2.2.6] AndroidManifest.xml:26:9-30:19
246            android:name="com.google.android.datatransport.runtime.scheduling.jobscheduling.JobInfoSchedulerService"
246-->[com.google.android.datatransport:transport-runtime:2.2.6] AndroidManifest.xml:27:13-117
247            android:exported="false"
247-->[com.google.android.datatransport:transport-runtime:2.2.6] AndroidManifest.xml:28:13-37
248            android:permission="android.permission.BIND_JOB_SERVICE" >
248-->[com.google.android.datatransport:transport-runtime:2.2.6] AndroidManifest.xml:29:13-69
249        </service>
250
251        <receiver
251-->[com.google.android.datatransport:transport-runtime:2.2.6] AndroidManifest.xml:32:9-34:40
252            android:name="com.google.android.datatransport.runtime.scheduling.jobscheduling.AlarmManagerSchedulerBroadcastReceiver"
252-->[com.google.android.datatransport:transport-runtime:2.2.6] AndroidManifest.xml:33:13-132
253            android:exported="false" />
253-->[com.google.android.datatransport:transport-runtime:2.2.6] AndroidManifest.xml:34:13-37
254    </application>
255
256</manifest>